<?xml version="1.0" encoding="UTF-8"?>
<testng-results ignored="0" total="1" passed="1" failed="0" skipped="0">
  <reporter-output>
  </reporter-output>
  <suite started-at="2022-08-26T19:53:25 PDT" name="Default suite" finished-at="2022-08-26T19:54:39 PDT" duration-ms="74460">
    <groups>
    </groups>
    <test started-at="2022-08-26T19:53:25 PDT" name="Default test" finished-at="2022-08-26T19:54:39 PDT" duration-ms="74460">
      <class name="com.apex.test.Order">
        <test-method is-config="true" signature="setUp()[pri:0, instance:com.apex.test.Order@4b14c583]" started-at="2022-08-26T19:53:25 PDT" name="setUp" finished-at="2022-08-26T19:54:04 PDT" duration-ms="39820" status="PASS">
          <reporter-output>
          </reporter-output>
        </test-method> <!-- setUp -->
        <test-method signature="checkout_Items()[pri:0, instance:com.apex.test.Order@4b14c583]" started-at="2022-08-26T19:54:04 PDT" name="checkout_Items" finished-at="2022-08-26T19:54:39 PDT" duration-ms="34597" status="PASS">
          <reporter-output>
          </reporter-output>
        </test-method> <!-- checkout_Items -->
        <test-method is-config="true" signature="cleanUp()[pri:0, instance:com.apex.test.Order@4b14c583]" started-at="2022-08-26T19:54:39 PDT" name="cleanUp" finished-at="2022-08-26T19:54:39 PDT" duration-ms="1" status="PASS">
          <reporter-output>
          </reporter-output>
        </test-method> <!-- cleanUp -->
      </class> <!-- com.apex.test.Order -->
    </test> <!-- Default test -->
  </suite> <!-- Default suite -->
</testng-results>
